2023-05-18 22:32:11,357 -Logger name: design- Function: main - Line number : 19 - Level Name : WARNING - massege : __________Streamlit rerun__________ 
2023-05-18 22:32:11,388 -Logger name: design- Function: main - Line number : 62 - Level Name : INFO - massege : Picture 1 Component selected is:FT Magnitude 
2023-05-18 22:32:11,451 -Logger name: design- Function: main - Line number : 131 - Level Name : INFO - massege : Picture 2 Component selected is:FT Magnitude 
2023-05-18 22:32:11,458 -Logger name: design- Function: main - Line number : 155 - Level Name : INFO - massege : Component 1 image : Image 1 , Component 2 image: Image 2 
 Component 1 mode : Magnitude , Component 2 mode: Phase 
 Component 1 Slider value : 50 , Component 2 Slider value: 50 
2023-05-18 22:32:11,467 -Logger name: design- Function: main - Line number : 172 - Level Name : INFO - massege : Component 1 image : Image 1 , Component 2 image: Image 2 
 Component 1 mode : Magnitude , Component 2 mode: Phase 
 Component 1 Slider value : 50 , Component 2 Slider value: 50 
2023-05-18 22:32:14,177 -Logger name: design- Function: main - Line number : 19 - Level Name : WARNING - massege : __________Streamlit rerun__________ 
2023-05-18 22:32:14,202 -Logger name: design- Function: main - Line number : 38 - Level Name : INFO - massege : Picture 1 Uploaded 
2023-05-18 22:32:14,239 -Logger name: design- Function: main - Line number : 62 - Level Name : INFO - massege : Picture 1 Component selected is:FT Magnitude 
2023-05-18 22:32:14,246 -Logger name: design- Function: main - Line number : 67 - Level Name : INFO - massege : Image 1 component displayed 
2023-05-18 22:32:14,302 -Logger name: design- Function: main - Line number : 131 - Level Name : INFO - massege : Picture 2 Component selected is:FT Magnitude 
2023-05-18 22:32:14,311 -Logger name: design- Function: main - Line number : 155 - Level Name : INFO - massege : Component 1 image : Image 1 , Component 2 image: Image 2 
 Component 1 mode : Magnitude , Component 2 mode: Phase 
 Component 1 Slider value : 50 , Component 2 Slider value: 50 
2023-05-18 22:32:14,320 -Logger name: design- Function: main - Line number : 172 - Level Name : INFO - massege : Component 1 image : Image 1 , Component 2 image: Image 2 
 Component 1 mode : Magnitude , Component 2 mode: Phase 
 Component 1 Slider value : 50 , Component 2 Slider value: 50 
2023-05-18 22:32:15,553 -Logger name: design- Function: main - Line number : 19 - Level Name : WARNING - massege : __________Streamlit rerun__________ 
2023-05-18 22:32:15,591 -Logger name: design- Function: main - Line number : 38 - Level Name : INFO - massege : Picture 1 Uploaded 
2023-05-18 22:32:15,618 -Logger name: design- Function: main - Line number : 62 - Level Name : INFO - massege : Picture 1 Component selected is:FT Magnitude 
2023-05-18 22:32:15,624 -Logger name: design- Function: main - Line number : 67 - Level Name : INFO - massege : Image 1 component displayed 
2023-05-18 22:32:15,707 -Logger name: design- Function: main - Line number : 122 - Level Name : INFO - massege : Picture 2 Uploaded 
2023-05-18 22:32:15,721 -Logger name: design- Function: main - Line number : 131 - Level Name : INFO - massege : Picture 2 Component selected is:FT Magnitude 
2023-05-18 22:32:15,728 -Logger name: design- Function: main - Line number : 136 - Level Name : INFO - massege : Image 2 component displayed 
2023-05-18 22:32:15,740 -Logger name: design- Function: main - Line number : 145 - Level Name : INFO - massege : Mixer of component 1 and component 2 being displayed in Output 1 
2023-05-18 22:32:15,761 -Logger name: design- Function: main - Line number : 155 - Level Name : INFO - massege : Component 1 image : Image 1 , Component 2 image: Image 2 
 Component 1 mode : Magnitude , Component 2 mode: Phase 
 Component 1 Slider value : 50 , Component 2 Slider value: 50 
2023-05-18 22:32:15,769 -Logger name: design- Function: main - Line number : 172 - Level Name : INFO - massege : Component 1 image : Image 1 , Component 2 image: Image 2 
 Component 1 mode : Magnitude , Component 2 mode: Phase 
 Component 1 Slider value : 50 , Component 2 Slider value: 50 
2023-05-18 22:32:18,137 -Logger name: design- Function: main - Line number : 19 - Level Name : WARNING - massege : __________Streamlit rerun__________ 
2023-05-18 22:32:18,174 -Logger name: design- Function: main - Line number : 38 - Level Name : INFO - massege : Picture 1 Uploaded 
2023-05-18 22:32:18,206 -Logger name: design- Function: main - Line number : 62 - Level Name : INFO - massege : Picture 1 Component selected is:FT Magnitude 
2023-05-18 22:32:18,209 -Logger name: design- Function: main - Line number : 67 - Level Name : INFO - massege : Image 1 component displayed 
2023-05-18 22:32:18,279 -Logger name: design- Function: main - Line number : 122 - Level Name : INFO - massege : Picture 2 Uploaded 
2023-05-18 22:32:18,289 -Logger name: design- Function: main - Line number : 131 - Level Name : INFO - massege : Picture 2 Component selected is:FT Magnitude 
2023-05-18 22:32:18,292 -Logger name: design- Function: main - Line number : 136 - Level Name : INFO - massege : Image 2 component displayed 
2023-05-18 22:32:18,302 -Logger name: design- Function: main - Line number : 145 - Level Name : INFO - massege : Mixer of component 1 and component 2 being displayed in Output 1 
2023-05-18 22:32:18,326 -Logger name: design- Function: main - Line number : 155 - Level Name : INFO - massege : Component 1 image : Image 1 , Component 2 image: Image 2 
 Component 1 mode : Magnitude , Component 2 mode: Phase 
 Component 1 Slider value : 50 , Component 2 Slider value: 51 
2023-05-18 22:32:18,336 -Logger name: design- Function: main - Line number : 172 - Level Name : INFO - massege : Component 1 image : Image 1 , Component 2 image: Image 2 
 Component 1 mode : Magnitude , Component 2 mode: Phase 
 Component 1 Slider value : 50 , Component 2 Slider value: 51 
2023-05-18 22:32:18,567 -Logger name: design- Function: main - Line number : 19 - Level Name : WARNING - massege : __________Streamlit rerun__________ 
2023-05-18 22:32:18,602 -Logger name: design- Function: main - Line number : 38 - Level Name : INFO - massege : Picture 1 Uploaded 
2023-05-18 22:32:18,626 -Logger name: design- Function: main - Line number : 62 - Level Name : INFO - massege : Picture 1 Component selected is:FT Magnitude 
2023-05-18 22:32:18,635 -Logger name: design- Function: main - Line number : 67 - Level Name : INFO - massege : Image 1 component displayed 
2023-05-18 22:32:18,703 -Logger name: design- Function: main - Line number : 122 - Level Name : INFO - massege : Picture 2 Uploaded 
2023-05-18 22:32:18,718 -Logger name: design- Function: main - Line number : 131 - Level Name : INFO - massege : Picture 2 Component selected is:FT Magnitude 
2023-05-18 22:32:18,725 -Logger name: design- Function: main - Line number : 136 - Level Name : INFO - massege : Image 2 component displayed 
2023-05-18 22:32:18,736 -Logger name